<?xml version="1.0" encoding="UTF-8"?>
<!-- Generated by org.testng.reporters.JUnitXMLReporter -->
<testsuite hostname="DESKTOP-Q13OS2E" failures="1" tests="1" name="Surefire test" time="79.554" errors="0" timestamp="9 Nov 2022 18:42:13 GMT">
  <testcase classname="test.Makemytrip1" name="test" time="57.913">
    <failure type="org.openqa.selenium.ElementClickInterceptedException" message="element click intercepted: Element &amp;lt;button data-cy=&amp;quot;submit&amp;quot; tabindex=&amp;quot;-1&amp;quot; type=&amp;quot;button&amp;quot; class=&amp;quot;primaryBtn font24 latoBold widget...Btn&amp;quot; id=&amp;quot;search_button&amp;quot;&amp;gt;Search&amp;lt;/button&amp;gt; is not clickable at point (614, 392). Other element would receive the click: &amp;lt;div aria-disabled=&amp;quot;true&amp;quot; class=&amp;quot;DayPicker-Day DayPicker-Day--outside&amp;quot;&amp;gt;&amp;lt;/div&amp;gt;
  (Session info: MicrosoftEdge=107.0.1418.35)
Build info: version: &amp;apos;4.5.0&amp;apos;, revision: &amp;apos;fe167b119a&amp;apos;
System info: os.name: &amp;apos;Windows 10&amp;apos;, os.arch: &amp;apos;amd64&amp;apos;, os.version: &amp;apos;10.0&amp;apos;, java.version: &amp;apos;11.0.16.1&amp;apos;
Driver info: org.openqa.selenium.edge.EdgeDriver
Command: [0aab6f481050e8db4d5ea607fd8b3b3e, clickElement {id=7398414e-55bc-4c0f-9011-f2c571e22fb3}]
Capabilities {acceptInsecureCerts: false, browserName: msedge, browserVersion: 107.0.1418.35, ms:edgeOptions: {debuggerAddress: localhost:52028}, msedge: {msedgedriverVersion: 107.0.1418.35 (806ca5c53c4f..., userDataDir: C:\Users\User\AppData\Local...}, networkConnectionEnabled: false, pageLoadStrategy: normal, platformName: WINDOWS, proxy: Proxy(), se:cdp: ws://localhost:52028/devtoo..., se:cdpVersion: 107.0.1418.35, setWindowRect: true, strictFileInteractability: false, timeouts: {implicit: 0, pageLoad: 300000, script: 30000}, unhandledPromptBehavior: dismiss and notify, webauthn:extension:credBlob: true, webauthn:extension:largeBlob: true, webauthn:virtualAuthenticators: true}
Element: [[EdgeDriver: msedge on WINDOWS (0aab6f481050e8db4d5ea607fd8b3b3e)] -&amp;gt; xpath: //button[@data-cy=&amp;apos;submit&amp;apos;]]
Session ID: 0aab6f481050e8db4d5ea607fd8b3b3e">
      <![CDATA[org.openqa.selenium.ElementClickInterceptedException: element click intercepted: Element <button data-cy="submit" tabindex="-1" type="button" class="primaryBtn font24 latoBold widget...Btn" id="search_button">Search</button> is not clickable at point (614, 392). Other element would receive the click: <div aria-disabled="true" class="DayPicker-Day DayPicker-Day--outside"></div>
  (Session info: MicrosoftEdge=107.0.1418.35)
Build info: version: '4.5.0', revision: 'fe167b119a'
System info: os.name: 'Windows 10', os.arch: 'amd64', os.version: '10.0', java.version: '11.0.16.1'
Driver info: org.openqa.selenium.edge.EdgeDriver
Command: [0aab6f481050e8db4d5ea607fd8b3b3e, clickElement {id=7398414e-55bc-4c0f-9011-f2c571e22fb3}]
Capabilities {acceptInsecureCerts: false, browserName: msedge, browserVersion: 107.0.1418.35, ms:edgeOptions: {debuggerAddress: localhost:52028}, msedge: {msedgedriverVersion: 107.0.1418.35 (806ca5c53c4f..., userDataDir: C:\Users\User\AppData\Local...}, networkConnectionEnabled: false, pageLoadStrategy: normal, platformName: WINDOWS, proxy: Proxy(), se:cdp: ws://localhost:52028/devtoo..., se:cdpVersion: 107.0.1418.35, setWindowRect: true, strictFileInteractability: false, timeouts: {implicit: 0, pageLoad: 300000, script: 30000}, unhandledPromptBehavior: dismiss and notify, webauthn:extension:credBlob: true, webauthn:extension:largeBlob: true, webauthn:virtualAuthenticators: true}
Element: [[EdgeDriver: msedge on WINDOWS (0aab6f481050e8db4d5ea607fd8b3b3e)] -> xpath: //button[@data-cy='submit']]
Session ID: 0aab6f481050e8db4d5ea607fd8b3b3e
	at org.openqa.selenium.remote.codec.w3c.W3CHttpResponseCodec.createException(W3CHttpResponseCodec.java:200)
	at org.openqa.selenium.remote.codec.w3c.W3CHttpResponseCodec.decode(W3CHttpResponseCodec.java:133)
	at org.openqa.selenium.remote.codec.w3c.W3CHttpResponseCodec.decode(W3CHttpResponseCodec.java:53)
	at org.openqa.selenium.remote.HttpCommandExecutor.execute(HttpCommandExecutor.java:184)
	at org.openqa.selenium.remote.service.DriverCommandExecutor.invokeExecute(DriverCommandExecutor.java:167)
	at org.openqa.selenium.remote.service.DriverCommandExecutor.execute(DriverCommandExecutor.java:142)
	at org.openqa.selenium.remote.RemoteWebDriver.execute(RemoteWebDriver.java:547)
	at org.openqa.selenium.remote.RemoteWebElement.execute(RemoteWebElement.java:257)
	at org.openqa.selenium.remote.RemoteWebElement.click(RemoteWebElement.java:78)
	at test.Makemytrip1.test(Makemytrip1.java:45)
... Removed 33 stack frames]]>
    </failure>
  </testcase> <!-- test -->
</testsuite> <!-- Surefire test -->
