<?xml version="1.0" encoding="UTF-8"?>
<!-- Generated by org.testng.reporters.JUnitXMLReporter -->
<testsuite ignored="2" hostname="DESKTOP-Q13OS2E" failures="0" tests="2" name="Test" time="0.137" errors="0" timestamp="2022-10-29T14:28:09 IST">
  <testcase classname="demo125.Groups" name="tc2" time="0.014"/>
  <testcase classname="demo125.Groups" name="tc4" time="0.006"/>
  <testcase classname="demo125.Groups" name="tc3" time="0.0">
    <ignored/>
  </testcase> <!-- tc3 -->
  <testcase classname="demo125.Groups" name="tc1" time="0.0">
    <ignored/>
  </testcase> <!-- tc1 -->
</testsuite> <!-- Test -->
