-------------------------------------------------------------------------------
Test set: test.Makemytrip1
-------------------------------------------------------------------------------
Tests run: 1, Failures: 1, Errors: 0, Skipped: 0, Time elapsed: 80.725 s <<< FAILURE! - in test.Makemytrip1
test.Makemytrip1.test  Time elapsed: 57.632 s  <<< FAILURE!
org.openqa.selenium.ElementClickInterceptedException: 
element click intercepted: Element <button data-cy="submit" tabindex="-1" type="button" class="primaryBtn font24 latoBold widget...Btn" id="search_button">Search</button> is not clickable at point (614, 392). Other element would receive the click: <div aria-disabled="true" class="DayPicker-Day DayPicker-Day--outside"></div>
  (Session info: MicrosoftEdge=107.0.1418.35)
Build info: version: '4.5.0', revision: 'fe167b119a'
System info: os.name: 'Windows 10', os.arch: 'amd64', os.version: '10.0', java.version: '11.0.16.1'
Driver info: org.openqa.selenium.edge.EdgeDriver
Command: [0aab6f481050e8db4d5ea607fd8b3b3e, clickElement {id=7398414e-55bc-4c0f-9011-f2c571e22fb3}]
Capabilities {acceptInsecureCerts: false, browserName: msedge, browserVersion: 107.0.1418.35, ms:edgeOptions: {debuggerAddress: localhost:52028}, msedge: {msedgedriverVersion: 107.0.1418.35 (806ca5c53c4f..., userDataDir: C:\Users\User\AppData\Local...}, networkConnectionEnabled: false, pageLoadStrategy: normal, platformName: WINDOWS, proxy: Proxy(), se:cdp: ws://localhost:52028/devtoo..., se:cdpVersion: 107.0.1418.35, setWindowRect: true, strictFileInteractability: false, timeouts: {implicit: 0, pageLoad: 300000, script: 30000}, unhandledPromptBehavior: dismiss and notify, webauthn:extension:credBlob: true, webauthn:extension:largeBlob: true, webauthn:virtualAuthenticators: true}
Element: [[EdgeDriver: msedge on WINDOWS (0aab6f481050e8db4d5ea607fd8b3b3e)] -> xpath: //button[@data-cy='submit']]
Session ID: 0aab6f481050e8db4d5ea607fd8b3b3e
	at test.Makemytrip1.test(Makemytrip1.java:45)

