<?xml version="1.0" encoding="UTF-8"?>
<testng-results total="2" passed="2" failed="0" skipped="0">
  <reporter-output>
  </reporter-output>
  <suite started-at="2022-11-14T08:30:27Z" name="Default suite" finished-at="2022-11-14T08:30:30Z" duration-ms="3232">
    <groups>
    </groups>
    <test started-at="2022-11-14T08:30:27Z" name="Default test" finished-at="2022-11-14T08:30:30Z" duration-ms="3232">
      <class name="test.Class1">
        <test-method signature="get_tc1()[pri:0, instance:test.Class1@21ba0741]" started-at="2022-11-14T14:00:27Z" name="get_tc1" finished-at="2022-11-14T14:00:29Z" duration-ms="2606" status="PASS">
          <reporter-output>
          </reporter-output>
        </test-method> <!-- get_tc1 -->
        <test-method signature="post_tc3()[pri:0, instance:test.Class1@21ba0741]" started-at="2022-11-14T14:00:29Z" name="post_tc3" finished-at="2022-11-14T14:00:30Z" duration-ms="593" status="PASS">
          <reporter-output>
          </reporter-output>
        </test-method> <!-- post_tc3 -->
      </class> <!-- test.Class1 -->
    </test> <!-- Default test -->
  </suite> <!-- Default suite -->
</testng-results>
